<?xml version="1.0" encoding="UTF-8"?>
<testsuite xmlns:xsi="http://www.w3.org/2001/XMLSchema-instance" xsi:noNamespaceSchemaLocation="https://maven.apache.org/surefire/maven-surefire-plugin/xsd/surefire-test-report-3.0.xsd" version="3.0" name="com.hospital.controller.HeartAttackPredictionControllerTest" time="0.777" tests="2" errors="0" skipped="0" failures="0">
  <properties>
[...]
</properties>
  <testcase name="predictHeartAttackRiskWithInvalidData" classname="com.hospital.controller.HeartAttackPredictionControllerTest" time="0.187">
    <system-out><![CDATA[2025-05-25T14:19:35.927+05:30  INFO 6704 --- [hospital-management] [           main] t.c.s.AnnotationConfigContextLoaderUtils : Could not detect default configuration classes for test class [com.hospital.controller.HeartAttackPredictionControllerTest]: HeartAttackPredictionControllerTest does not declare any static, non-private, non-final, nested classes annotated with @Configuration.
2025-05-25T14:19:35.939+05:30  INFO 6704 --- [hospital-management] [           main] .b.t.c.SpringBootTestContextBootstrapper : Found @SpringBootConfiguration com.hospital.HospitalManagementApplication for test class com.hospital.controller.HeartAttackPredictionControllerTest

  .   ____          _            __ _ _
 /\\ / ___'_ __ _ _(_)_ __  __ _ \ \ \ \
( ( )\___ | '_ | '_| | '_ \/ _` | \ \ \ \
 \\/  ___)| |_)| | | | | || (_| |  ) ) ) )
  '  |____| .__|_| |_|_| |_\__, | / / / /
 =========|_|==============|___/=/_/_/_/
 :: Spring Boot ::                (v3.2.3)

2025-05-25T14:19:35.977+05:30  INFO 6704 --- [hospital-management] [           main] .h.c.HeartAttackPredictionControllerTest : Starting HeartAttackPredictionControllerTest using Java 17.0.15 with PID 6704 (started by amanve in /home/amanve/Desktop/SDE_Project/microservices/backend)
2025-05-25T14:19:35.978+05:30 DEBUG 6704 --- [hospital-management] [           main] .h.c.HeartAttackPredictionControllerTest : Running with Spring Boot v3.2.3, Spring v6.1.4
2025-05-25T14:19:35.978+05:30  INFO 6704 --- [hospital-management] [           main] .h.c.HeartAttackPredictionControllerTest : No active profile set, falling back to 1 default profile: "default"
2025-05-25T14:19:36.335+05:30  INFO 6704 --- [hospital-management] [           main] o.s.s.web.DefaultSecurityFilterChain     : Will secure any request with [org.springframework.security.web.session.DisableEncodeUrlFilter@2c238bbf, org.springframework.security.web.context.request.async.WebAsyncManagerIntegrationFilter@50603313, org.springframework.security.web.context.SecurityContextHolderFilter@32b64a6d, org.springframework.security.web.header.HeaderWriterFilter@1ecdfe1e, org.springframework.web.filter.CorsFilter@29a01820, org.springframework.security.web.authentication.logout.LogoutFilter@2e2a42ba, org.springframework.security.web.savedrequest.RequestCacheAwareFilter@5ef98f3f, org.springframework.security.web.servletapi.SecurityContextHolderAwareRequestFilter@5f83a8dc, org.springframework.security.web.authentication.AnonymousAuthenticationFilter@2ec969ba, org.springframework.security.web.access.ExceptionTranslationFilter@21041ffb, org.springframework.security.web.access.intercept.AuthorizationFilter@7e3f3a34]
2025-05-25T14:19:36.352+05:30  INFO 6704 --- [hospital-management] [           main] o.s.s.web.DefaultSecurityFilterChain     : Will secure any request with [org.springframework.security.web.session.DisableEncodeUrlFilter@7c33d81f, org.springframework.security.web.context.request.async.WebAsyncManagerIntegrationFilter@e2cf713, org.springframework.security.web.context.SecurityContextHolderFilter@74b57299, org.springframework.security.web.header.HeaderWriterFilter@4c8c3285, org.springframework.web.filter.CorsFilter@32fc8a41, org.springframework.security.web.authentication.logout.LogoutFilter@4d47f547, org.springframework.security.web.savedrequest.RequestCacheAwareFilter@156437f7, org.springframework.security.web.servletapi.SecurityContextHolderAwareRequestFilter@3f8c695d, org.springframework.security.web.authentication.AnonymousAuthenticationFilter@ffad70, org.springframework.security.web.access.ExceptionTranslationFilter@18365e98, org.springframework.security.web.access.intercept.AuthorizationFilter@2532e07e]
2025-05-25T14:19:36.470+05:30 DEBUG 6704 --- [hospital-management] [           main] c.h.security.JwtAuthenticationFilter     : Filter 'jwtAuthenticationFilter' configured for use
2025-05-25T14:19:36.471+05:30  INFO 6704 --- [hospital-management] [           main] o.s.b.t.m.w.SpringBootMockServletContext : Initializing Spring TestDispatcherServlet ''
2025-05-25T14:19:36.471+05:30  INFO 6704 --- [hospital-management] [           main] o.s.t.web.servlet.TestDispatcherServlet  : Initializing Servlet ''
2025-05-25T14:19:36.471+05:30  INFO 6704 --- [hospital-management] [           main] o.s.t.web.servlet.TestDispatcherServlet  : Completed initialization in 0 ms
2025-05-25T14:19:36.485+05:30  INFO 6704 --- [hospital-management] [           main] .h.c.HeartAttackPredictionControllerTest : Started HeartAttackPredictionControllerTest in 0.541 seconds (process running for 6.497)
2025-05-25T14:19:36.516+05:30 DEBUG 6704 --- [hospital-management] [           main] w.c.HttpSessionSecurityContextRepository : Created HttpSession as SecurityContext is non-default
2025-05-25T14:19:36.516+05:30 DEBUG 6704 --- [hospital-management] [           main] w.c.HttpSessionSecurityContextRepository : Stored SecurityContextImpl [Authentication=UsernamePasswordAuthenticationToken [Principal=org.springframework.security.core.userdetails.User [Username=doctor1, Password=[PROTECTED], Enabled=true, AccountNonExpired=true, CredentialsNonExpired=true, AccountNonLocked=true, Granted Authorities=[ROLE_DOCTOR]], Credentials=[PROTECTED], Authenticated=true, Details=null, Granted Authorities=[ROLE_DOCTOR]]] to HttpSession [org.springframework.mock.web.MockHttpSession@7e78953e]
2025-05-25T14:19:36.517+05:30 DEBUG 6704 --- [hospital-management] [           main] o.s.security.web.FilterChainProxy        : Securing POST /api/predict/heart-attack-risk
2025-05-25T14:19:36.518+05:30 DEBUG 6704 --- [hospital-management] [           main] o.s.security.web.FilterChainProxy        : Secured POST /api/predict/heart-attack-risk
2025-05-25T14:19:36.518+05:30 DEBUG 6704 --- [hospital-management] [           main] c.h.security.JwtAuthenticationFilter     : Processing request to '/api/predict/heart-attack-risk' with JWT: absent
2025-05-25T14:19:36.672+05:30 DEBUG 6704 --- [hospital-management] [           main] w.c.HttpSessionSecurityContextRepository : Retrieved SecurityContextImpl [Authentication=UsernamePasswordAuthenticationToken [Principal=org.springframework.security.core.userdetails.User [Username=doctor1, Password=[PROTECTED], Enabled=true, AccountNonExpired=true, CredentialsNonExpired=true, AccountNonLocked=true, Granted Authorities=[ROLE_DOCTOR]], Credentials=[PROTECTED], Authenticated=true, Details=null, Granted Authorities=[ROLE_DOCTOR]]]
]]></system-out>
  </testcase>
  <testcase name="predictHeartAttackRiskSuccess" classname="com.hospital.controller.HeartAttackPredictionControllerTest" time="0.025">
    <system-out><![CDATA[2025-05-25T14:19:36.685+05:30 DEBUG 6704 --- [hospital-management] [           main] w.c.HttpSessionSecurityContextRepository : Created HttpSession as SecurityContext is non-default
2025-05-25T14:19:36.685+05:30 DEBUG 6704 --- [hospital-management] [           main] w.c.HttpSessionSecurityContextRepository : Stored SecurityContextImpl [Authentication=UsernamePasswordAuthenticationToken [Principal=org.springframework.security.core.userdetails.User [Username=doctor1, Password=[PROTECTED], Enabled=true, AccountNonExpired=true, CredentialsNonExpired=true, AccountNonLocked=true, Granted Authorities=[ROLE_DOCTOR]], Credentials=[PROTECTED], Authenticated=true, Details=null, Granted Authorities=[ROLE_DOCTOR]]] to HttpSession [org.springframework.mock.web.MockHttpSession@26fddb3f]
2025-05-25T14:19:36.686+05:30 DEBUG 6704 --- [hospital-management] [           main] o.s.security.web.FilterChainProxy        : Securing POST /api/predict/heart-attack-risk
2025-05-25T14:19:36.687+05:30 DEBUG 6704 --- [hospital-management] [           main] o.s.security.web.FilterChainProxy        : Secured POST /api/predict/heart-attack-risk
2025-05-25T14:19:36.687+05:30 DEBUG 6704 --- [hospital-management] [           main] c.h.security.JwtAuthenticationFilter     : Processing request to '/api/predict/heart-attack-risk' with JWT: absent
2025-05-25T14:19:36.689+05:30 DEBUG 6704 --- [hospital-management] [           main] horizationManagerBeforeMethodInterceptor : Authorizing method invocation ReflectiveMethodInvocation: public org.springframework.http.ResponseEntity com.hospital.controller.HeartAttackPredictionController.predictHeartAttackRisk(com.hospital.dto.HeartAttackPredictionRequest); target is of class [com.hospital.controller.HeartAttackPredictionController]
2025-05-25T14:19:36.691+05:30 DEBUG 6704 --- [hospital-management] [           main] w.c.HttpSessionSecurityContextRepository : Retrieved SecurityContextImpl [Authentication=UsernamePasswordAuthenticationToken [Principal=org.springframework.security.core.userdetails.User [Username=doctor1, Password=[PROTECTED], Enabled=true, AccountNonExpired=true, CredentialsNonExpired=true, AccountNonLocked=true, Granted Authorities=[ROLE_DOCTOR]], Credentials=[PROTECTED], Authenticated=true, Details=null, Granted Authorities=[ROLE_DOCTOR]]]
2025-05-25T14:19:36.691+05:30 DEBUG 6704 --- [hospital-management] [           main] horizationManagerBeforeMethodInterceptor : Authorized method invocation ReflectiveMethodInvocation: public org.springframework.http.ResponseEntity com.hospital.controller.HeartAttackPredictionController.predictHeartAttackRisk(com.hospital.dto.HeartAttackPredictionRequest); target is of class [com.hospital.controller.HeartAttackPredictionController]
]]></system-out>
  </testcase>
</testsuite>